<?xml version="1.0" encoding="UTF-8"?>
<!-- Generated by org.testng.reporters.JUnitXMLReporter -->
<testsuite ignored="1" hostname="SACHIN" failures="0" tests="1" name="Default test" time="26.359" errors="0" timestamp="2021-06-14T07:56:26 IST">
  <testcase classname="com.cyient.test.LoginTest" name="inValidLogin" time="6.578"/>
  <testcase classname="com.cyient.test.LoginTest" name="operationTest" time="0.0">
    <ignored/>
  </testcase> <!-- operationTest -->
</testsuite> <!-- Default test -->
