<?xml version="1.0" encoding="UTF-8"?>
<testng-results ignored="1" total="2" passed="1" failed="0" skipped="0">
  <reporter-output>
  </reporter-output>
  <suite started-at="2021-06-14T07:56:00 IST" name="Default suite" finished-at="2021-06-14T07:56:26 IST" duration-ms="26359">
    <groups>
    </groups>
    <test started-at="2021-06-14T07:56:00 IST" name="Default test" finished-at="2021-06-14T07:56:26 IST" duration-ms="26359">
      <class name="com.cyient.test.LoginTest">
        <test-method is-config="true" signature="setup()[pri:0, instance:com.cyient.test.LoginTest@50a638b5]" started-at="2021-06-14T07:56:01 IST" name="setup" finished-at="2021-06-14T07:56:18 IST" duration-ms="17709" status="PASS">
          <reporter-output>
          </reporter-output>
        </test-method> <!-- setup -->
        <test-method signature="inValidLogin(java.lang.String)[pri:0, instance:com.cyient.test.LoginTest@50a638b5]" started-at="2021-06-14T07:56:18 IST" name="inValidLogin" data-provider="invalidCredentialExcelData" finished-at="2021-06-14T07:56:25 IST" duration-ms="6578" status="PASS">
          <params>
            <param index="0">
              <value>
                <![CDATA[Please enter 10 digits of your Number]]>
              </value>
            </param>
          </params>
          <reporter-output>
          </reporter-output>
        </test-method> <!-- inValidLogin -->
        <test-method is-config="true" signature="teardown()[pri:0, instance:com.cyient.test.LoginTest@50a638b5]" started-at="2021-06-14T07:56:25 IST" name="teardown" finished-at="2021-06-14T07:56:26 IST" duration-ms="1074" status="PASS">
          <reporter-output>
          </reporter-output>
        </test-method> <!-- teardown -->
      </class> <!-- com.cyient.test.LoginTest -->
    </test> <!-- Default test -->
  </suite> <!-- Default suite -->
</testng-results>
